<?xml version="1.0" encoding="UTF-8"?>
<testng-results skipped="0" failed="1" ignored="10" total="18" passed="7">
  <reporter-output>
    <line>
      <![CDATA[11:58:40 [TestNG-tests-1] DEBUG - ###############################
<br>]]>
    </line>
    <line>
      <![CDATA[11:58:40 [TestNG-tests-1] INFO  - Main page is open.
<br>]]>
    </line>
    <line>
      <![CDATA[11:58:40 [TestNG-tests-1] INFO  - Login tab clicked.
<br>]]>
    </line>
    <line>
      <![CDATA[11:58:40 [TestNG-tests-1] INFO  - Login page is open.
<br>]]>
    </line>
    <line>
      <![CDATA[11:58:41 [TestNG-tests-2] DEBUG - ###############################
<br>]]>
    </line>
    <line>
      <![CDATA[11:58:41 [TestNG-tests-1] INFO  - Login with google account button clicked.
<br>]]>
    </line>
    <line>
      <![CDATA[11:58:41 [TestNG-tests-2] INFO  - Main page is open.
<br>]]>
    </line>
    <line>
      <![CDATA[11:58:41 [TestNG-tests-1] INFO  - The value 'muliarchyk.a.a@gmail.com'is entered in the email field
<br>]]>
    </line>
    <line>
      <![CDATA[11:58:41 [TestNG-tests-1] INFO  - Next button clicked.
<br>]]>
    </line>
    <line>
      <![CDATA[11:58:42 [TestNG-tests-1] INFO  - The value 'Typblcm6578090'is entered in the password field
<br>]]>
    </line>
    <line>
      <![CDATA[11:58:42 [TestNG-tests-1] INFO  - Submit button clicked.
<br>]]>
    </line>
    <line>
      <![CDATA[11:58:47 [TestNG-tests-2] INFO  - Best posts tab clicked.
<br>]]>
    </line>
    <line>
      <![CDATA[11:58:47 [TestNG-tests-2] INFO  - Page with best posts is open.
<br>]]>
    </line>
    <line>
      <![CDATA[11:58:47 [TestNG-tests-2] DEBUG - Clearing cache!
<br>]]>
    </line>
    <line>
      <![CDATA[11:58:49 [TestNG-tests-1] INFO  - Profile page is open.
<br>]]>
    </line>
    <line>
      <![CDATA[11:58:49 [TestNG-tests-1] DEBUG - Clearing cache!
<br>]]>
    </line>
    <line>
      <![CDATA[11:58:51 [TestNG-tests-2] DEBUG - ###############################
<br>]]>
    </line>
    <line>
      <![CDATA[11:58:51 [TestNG-tests-2] INFO  - Main page is open.
<br>]]>
    </line>
    <line>
      <![CDATA[11:58:51 [TestNG-tests-2] INFO  - The value 'Ð”Ð¢ÐŸ'is entered in the search field
<br>]]>
    </line>
    <line>
      <![CDATA[11:58:54 [TestNG-tests-2] INFO  - Search button clicked.
<br>]]>
    </line>
    <line>
      <![CDATA[11:58:54 [TestNG-tests-2] INFO  - Page with search results is open.
<br>]]>
    </line>
    <line>
      <![CDATA[11:58:54 [TestNG-tests-2] WARN  - Post with title '??????? ??????' is not contains hashtag
<br>]]>
    </line>
    <line>
      <![CDATA[11:58:54 [TestNG-tests-2] WARN  - Post with title '???-500 ?????? ??????? ????? ???? ??????' is not contains hashtag
<br>]]>
    </line>
    <line>
      <![CDATA[11:58:54 [TestNG-tests-2] WARN  - Post with title '??? ????? ???? - ??????????? ??????? ? ?????? ??????????? ?????????, ??????? ??? ???? - ? ????????? ????? ??????? ?????????? ?????:' is not contains hashtag
<br>]]>
    </line>
    <line>
      <![CDATA[11:58:54 [TestNG-tests-2] INFO  - com.epam.reportportal.message.ReportPortalMessage@741ffb76
<br>]]>
    </line>
    <line>
      <![CDATA[11:58:55 [TestNG-tests-2] DEBUG - Clearing cache!
<br>]]>
    </line>
    <line>
      <![CDATA[11:58:56 [TestNG-tests-1] DEBUG - ###############################
<br>]]>
    </line>
    <line>
      <![CDATA[11:58:56 [TestNG-tests-1] INFO  - Main page is open.
<br>]]>
    </line>
    <line>
      <![CDATA[11:58:56 [TestNG-tests-1] INFO  - Add post button clicked.
<br>]]>
    </line>
    <line>
      <![CDATA[11:58:57 [TestNG-tests-1] INFO  - Message about an unregistered user is displayed.
<br>]]>
    </line>
    <line>
      <![CDATA[11:58:57 [TestNG-tests-1] DEBUG - Clearing cache!
<br>]]>
    </line>
    <line>
      <![CDATA[11:58:59 [TestNG-tests-2] DEBUG - ###############################
<br>]]>
    </line>
    <line>
      <![CDATA[11:59:00 [TestNG-tests-2] INFO  - Main page is open.
<br>]]>
    </line>
    <line>
      <![CDATA[11:59:01 [TestNG-tests-1] DEBUG - ###############################
<br>]]>
    </line>
    <line>
      <![CDATA[11:59:02 [TestNG-tests-1] INFO  - Main page is open.
<br>]]>
    </line>
    <line>
      <![CDATA[11:59:05 [TestNG-tests-2] INFO  - Recent posts tab clicked.
<br>]]>
    </line>
    <line>
      <![CDATA[11:59:05 [TestNG-tests-2] INFO  - Page with recent posts is open.
<br>]]>
    </line>
    <line>
      <![CDATA[11:59:05 [TestNG-tests-2] DEBUG - Clearing cache!
<br>]]>
    </line>
    <line>
      <![CDATA[11:59:06 [TestNG-tests-1] INFO  - Hot posts tab clicked.
<br>]]>
    </line>
    <line>
      <![CDATA[11:59:06 [TestNG-tests-1] INFO  - Page with hot posts is open.
<br>]]>
    </line>
    <line>
      <![CDATA[11:59:06 [TestNG-tests-1] DEBUG - Clearing cache!
<br>]]>
    </line>
    <line>
      <![CDATA[11:59:11 [TestNG-tests-2] DEBUG - ###############################
<br>]]>
    </line>
    <line>
      <![CDATA[11:59:11 [TestNG-tests-2] INFO  - Main page is open.
<br>]]>
    </line>
    <line>
      <![CDATA[11:59:12 [TestNG-tests-2] INFO  - Login tab clicked.
<br>]]>
    </line>
    <line>
      <![CDATA[11:59:12 [TestNG-tests-2] INFO  - Login page is open.
<br>]]>
    </line>
    <line>
      <![CDATA[11:59:13 [TestNG-tests-1] DEBUG - ###############################
<br>]]>
    </line>
    <line>
      <![CDATA[11:59:13 [TestNG-tests-1] INFO  - Main page is open.
<br>]]>
    </line>
    <line>
      <![CDATA[11:59:14 [TestNG-tests-2] INFO  - Login with google account button clicked.
<br>]]>
    </line>
    <line>
      <![CDATA[11:59:14 [TestNG-tests-2] INFO  - The value 'muliarchyk.a.a@gmail.com'is entered in the email field
<br>]]>
    </line>
    <line>
      <![CDATA[11:59:14 [TestNG-tests-2] INFO  - Next button clicked.
<br>]]>
    </line>
    <line>
      <![CDATA[11:59:15 [TestNG-tests-2] INFO  - The value 'Typblcm6578090'is entered in the password field
<br>]]>
    </line>
    <line>
      <![CDATA[11:59:18 [TestNG-tests-1] INFO  - Hot posts tab clicked.
<br>]]>
    </line>
    <line>
      <![CDATA[11:59:19 [TestNG-tests-1] INFO  - Page with hot posts is open.
<br>]]>
    </line>
    <line>
      <![CDATA[11:59:19 [TestNG-tests-1] INFO  - Hide post with title: ??????????????)
<br>]]>
    </line>
    <line>
      <![CDATA[11:59:19 [TestNG-tests-1] DEBUG - Clearing cache!
<br>]]>
    </line>
    <line>
      <![CDATA[11:59:23 [TestNG-tests-2] INFO  - Submit button clicked.
<br>]]>
    </line>
    <line>
      <![CDATA[11:59:23 [TestNG-tests-2] INFO  - Profile page is open.
<br>]]>
    </line>
    <line>
      <![CDATA[11:59:26 [TestNG-tests-2] INFO  - Best posts tab clicked.
<br>]]>
    </line>
    <line>
      <![CDATA[11:59:26 [TestNG-tests-2] INFO  - Page with best posts is open.
<br>]]>
    </line>
    <line>
      <![CDATA[11:59:26 [TestNG-tests-2] DEBUG - Clearing cache!
<br>]]>
    </line>
  </reporter-output>
  <suite name="Picabu_Test" duration-ms="64509" started-at="2017-04-20T08:58:25Z" finished-at="2017-04-20T08:59:29Z">
    <groups>
    </groups>
    <test name="Test_3" duration-ms="57232" started-at="2017-04-20T08:58:25Z" finished-at="2017-04-20T08:59:22Z">
      <class name="PikabuTest">
        <test-method status="PASS" signature="beforeTest()[pri:0, instance:PikabuTest@509c77fe]" name="beforeTest" is-config="true" duration-ms="28" started-at="2017-04-20T11:58:25Z" finished-at="2017-04-20T11:58:25Z">
          <reporter-output>
          </reporter-output>
        </test-method> <!-- beforeTest -->
        <test-method status="PASS" signature="beforeMethod()[pri:0, instance:PikabuTest@509c77fe]" name="beforeMethod" is-config="true" duration-ms="14729" started-at="2017-04-20T11:58:25Z" finished-at="2017-04-20T11:58:40Z">
          <reporter-output>
            <line>
              <![CDATA[11:58:40 [TestNG-tests-1] DEBUG - ###############################
<br>]]>
            </line>
          </reporter-output>
        </test-method> <!-- beforeMethod -->
        <test-method status="PASS" signature="loginWithGoogleAccount()[pri:0, instance:PikabuTest@509c77fe]" name="loginWithGoogleAccount" duration-ms="9209" started-at="2017-04-20T11:58:40Z" description="login with google account" finished-at="2017-04-20T11:58:49Z">
          <reporter-output>
            <line>
              <![CDATA[11:58:40 [TestNG-tests-1] INFO  - Main page is open.
<br>]]>
            </line>
            <line>
              <![CDATA[11:58:40 [TestNG-tests-1] INFO  - Login tab clicked.
<br>]]>
            </line>
            <line>
              <![CDATA[11:58:40 [TestNG-tests-1] INFO  - Login page is open.
<br>]]>
            </line>
            <line>
              <![CDATA[11:58:41 [TestNG-tests-1] INFO  - Login with google account button clicked.
<br>]]>
            </line>
            <line>
              <![CDATA[11:58:41 [TestNG-tests-1] INFO  - The value 'muliarchyk.a.a@gmail.com'is entered in the email field
<br>]]>
            </line>
            <line>
              <![CDATA[11:58:41 [TestNG-tests-1] INFO  - Next button clicked.
<br>]]>
            </line>
            <line>
              <![CDATA[11:58:42 [TestNG-tests-1] INFO  - The value 'Typblcm6578090'is entered in the password field
<br>]]>
            </line>
            <line>
              <![CDATA[11:58:42 [TestNG-tests-1] INFO  - Submit button clicked.
<br>]]>
            </line>
            <line>
              <![CDATA[11:58:49 [TestNG-tests-1] INFO  - Profile page is open.
<br>]]>
            </line>
          </reporter-output>
        </test-method> <!-- loginWithGoogleAccount -->
        <test-method status="PASS" signature="afterMethod()[pri:0, instance:PikabuTest@509c77fe]" name="afterMethod" is-config="true" duration-ms="2888" started-at="2017-04-20T11:58:49Z" finished-at="2017-04-20T11:58:52Z">
          <reporter-output>
            <line>
              <![CDATA[11:58:49 [TestNG-tests-1] DEBUG - Clearing cache!
<br>]]>
            </line>
          </reporter-output>
        </test-method> <!-- afterMethod -->
        <test-method status="PASS" signature="beforeMethod()[pri:0, instance:PikabuTest@509c77fe]" name="beforeMethod" is-config="true" duration-ms="3826" started-at="2017-04-20T11:58:52Z" finished-at="2017-04-20T11:58:56Z">
          <reporter-output>
            <line>
              <![CDATA[11:58:56 [TestNG-tests-1] DEBUG - ###############################
<br>]]>
            </line>
          </reporter-output>
        </test-method> <!-- beforeMethod -->
        <test-method status="PASS" signature="addPostWithUnregUser()[pri:0, instance:PikabuTest@509c77fe]" name="addPostWithUnregUser" duration-ms="738" started-at="2017-04-20T11:58:56Z" description="Adding a post for a non-login user" finished-at="2017-04-20T11:58:57Z">
          <reporter-output>
            <line>
              <![CDATA[11:58:56 [TestNG-tests-1] INFO  - Main page is open.
<br>]]>
            </line>
            <line>
              <![CDATA[11:58:56 [TestNG-tests-1] INFO  - Add post button clicked.
<br>]]>
            </line>
            <line>
              <![CDATA[11:58:57 [TestNG-tests-1] INFO  - Message about an unregistered user is displayed.
<br>]]>
            </line>
          </reporter-output>
        </test-method> <!-- addPostWithUnregUser -->
        <test-method status="PASS" signature="afterMethod()[pri:0, instance:PikabuTest@509c77fe]" name="afterMethod" is-config="true" duration-ms="2016" started-at="2017-04-20T11:58:57Z" finished-at="2017-04-20T11:58:59Z">
          <reporter-output>
            <line>
              <![CDATA[11:58:57 [TestNG-tests-1] DEBUG - Clearing cache!
<br>]]>
            </line>
          </reporter-output>
        </test-method> <!-- afterMethod -->
        <test-method status="PASS" signature="beforeMethod()[pri:0, instance:PikabuTest@509c77fe]" name="beforeMethod" is-config="true" duration-ms="2636" started-at="2017-04-20T11:58:59Z" finished-at="2017-04-20T11:59:01Z">
          <reporter-output>
            <line>
              <![CDATA[11:59:01 [TestNG-tests-1] DEBUG - ###############################
<br>]]>
            </line>
          </reporter-output>
        </test-method> <!-- beforeMethod -->
        <test-method status="PASS" signature="verifyHotPostsPage()[pri:0, instance:PikabuTest@509c77fe]" name="verifyHotPostsPage" duration-ms="4427" started-at="2017-04-20T11:59:01Z" description="Verify page with hot posts" finished-at="2017-04-20T11:59:06Z">
          <reporter-output>
            <line>
              <![CDATA[11:59:02 [TestNG-tests-1] INFO  - Main page is open.
<br>]]>
            </line>
            <line>
              <![CDATA[11:59:06 [TestNG-tests-1] INFO  - Hot posts tab clicked.
<br>]]>
            </line>
            <line>
              <![CDATA[11:59:06 [TestNG-tests-1] INFO  - Page with hot posts is open.
<br>]]>
            </line>
          </reporter-output>
        </test-method> <!-- verifyHotPostsPage -->
        <test-method status="PASS" signature="afterMethod()[pri:0, instance:PikabuTest@509c77fe]" name="afterMethod" is-config="true" duration-ms="3026" started-at="2017-04-20T11:59:06Z" finished-at="2017-04-20T11:59:09Z">
          <reporter-output>
            <line>
              <![CDATA[11:59:06 [TestNG-tests-1] DEBUG - Clearing cache!
<br>]]>
            </line>
          </reporter-output>
        </test-method> <!-- afterMethod -->
        <test-method status="PASS" signature="beforeMethod()[pri:0, instance:PikabuTest@509c77fe]" name="beforeMethod" is-config="true" duration-ms="3860" started-at="2017-04-20T11:59:09Z" finished-at="2017-04-20T11:59:13Z">
          <reporter-output>
            <line>
              <![CDATA[11:59:13 [TestNG-tests-1] DEBUG - ###############################
<br>]]>
            </line>
          </reporter-output>
        </test-method> <!-- beforeMethod -->
        <test-method status="PASS" signature="postHideTest()[pri:0, instance:PikabuTest@509c77fe]" name="postHideTest" duration-ms="6040" started-at="2017-04-20T11:59:13Z" description="Post hide test" finished-at="2017-04-20T11:59:19Z">
          <reporter-output>
            <line>
              <![CDATA[11:59:13 [TestNG-tests-1] INFO  - Main page is open.
<br>]]>
            </line>
            <line>
              <![CDATA[11:59:18 [TestNG-tests-1] INFO  - Hot posts tab clicked.
<br>]]>
            </line>
            <line>
              <![CDATA[11:59:19 [TestNG-tests-1] INFO  - Page with hot posts is open.
<br>]]>
            </line>
            <line>
              <![CDATA[11:59:19 [TestNG-tests-1] INFO  - Hide post with title: ??????????????)
<br>]]>
            </line>
          </reporter-output>
        </test-method> <!-- postHideTest -->
        <test-method status="PASS" signature="afterMethod()[pri:0, instance:PikabuTest@509c77fe]" name="afterMethod" is-config="true" duration-ms="2081" started-at="2017-04-20T11:59:19Z" finished-at="2017-04-20T11:59:21Z">
          <reporter-output>
            <line>
              <![CDATA[11:59:19 [TestNG-tests-1] DEBUG - Clearing cache!
<br>]]>
            </line>
          </reporter-output>
        </test-method> <!-- afterMethod -->
        <test-method status="PASS" signature="afterClass()[pri:0, instance:PikabuTest@509c77fe]" name="afterClass" is-config="true" duration-ms="878" started-at="2017-04-20T11:59:21Z" finished-at="2017-04-20T11:59:22Z">
          <reporter-output>
          </reporter-output>
        </test-method> <!-- afterClass -->
        <test-method status="PASS" signature="afterTest()[pri:0, instance:PikabuTest@509c77fe]" name="afterTest" is-config="true" duration-ms="22" started-at="2017-04-20T11:59:22Z" finished-at="2017-04-20T11:59:22Z">
          <reporter-output>
          </reporter-output>
        </test-method> <!-- afterTest -->
      </class> <!-- PikabuTest -->
    </test> <!-- Test_3 -->
    <test name="Test_4" duration-ms="64509" started-at="2017-04-20T08:58:25Z" finished-at="2017-04-20T08:59:29Z">
      <class name="PikabuTest">
        <test-method status="PASS" signature="beforeTest()[pri:0, instance:PikabuTest@5ab25441]" name="beforeTest" is-config="true" duration-ms="31" started-at="2017-04-20T11:58:25Z" finished-at="2017-04-20T11:58:25Z">
          <reporter-output>
          </reporter-output>
        </test-method> <!-- beforeTest -->
        <test-method status="PASS" signature="beforeMethod()[pri:0, instance:PikabuTest@5ab25441]" name="beforeMethod" is-config="true" duration-ms="15738" started-at="2017-04-20T11:58:25Z" finished-at="2017-04-20T11:58:41Z">
          <reporter-output>
            <line>
              <![CDATA[11:58:41 [TestNG-tests-2] DEBUG - ###############################
<br>]]>
            </line>
          </reporter-output>
        </test-method> <!-- beforeMethod -->
        <test-method status="PASS" signature="verifyBestPostPage()[pri:0, instance:PikabuTest@5ab25441]" name="verifyBestPostPage" duration-ms="6047" started-at="2017-04-20T11:58:41Z" description="Verify page with best posts" finished-at="2017-04-20T11:58:47Z">
          <reporter-output>
            <line>
              <![CDATA[11:58:41 [TestNG-tests-2] INFO  - Main page is open.
<br>]]>
            </line>
            <line>
              <![CDATA[11:58:47 [TestNG-tests-2] INFO  - Best posts tab clicked.
<br>]]>
            </line>
            <line>
              <![CDATA[11:58:47 [TestNG-tests-2] INFO  - Page with best posts is open.
<br>]]>
            </line>
          </reporter-output>
        </test-method> <!-- verifyBestPostPage -->
        <test-method status="PASS" signature="afterMethod()[pri:0, instance:PikabuTest@5ab25441]" name="afterMethod" is-config="true" duration-ms="1298" started-at="2017-04-20T11:58:47Z" finished-at="2017-04-20T11:58:48Z">
          <reporter-output>
            <line>
              <![CDATA[11:58:47 [TestNG-tests-2] DEBUG - Clearing cache!
<br>]]>
            </line>
          </reporter-output>
        </test-method> <!-- afterMethod -->
        <test-method status="PASS" signature="beforeMethod()[pri:0, instance:PikabuTest@5ab25441]" name="beforeMethod" is-config="true" duration-ms="2537" started-at="2017-04-20T11:58:48Z" finished-at="2017-04-20T11:58:51Z">
          <reporter-output>
            <line>
              <![CDATA[11:58:51 [TestNG-tests-2] DEBUG - ###############################
<br>]]>
            </line>
          </reporter-output>
        </test-method> <!-- beforeMethod -->
        <test-method status="FAIL" signature="searchTest()[pri:0, instance:PikabuTest@5ab25441]" name="searchTest" duration-ms="3619" started-at="2017-04-20T11:58:51Z" description="Search test" finished-at="2017-04-20T11:58:54Z">
          <exception class="java.lang.AssertionError">
            <message>
              <![CDATA[Search test is fail! expected [true] but found [false]]]>
            </message>
            <full-stacktrace>
              <![CDATA[java.lang.AssertionError: Search test is fail! expected [true] but found [false]
	at org.testng.Assert.fail(Assert.java:93)
	at org.testng.Assert.failNotEquals(Assert.java:512)
	at org.testng.Assert.assertEqualsImpl(Assert.java:134)
	at org.testng.Assert.assertEquals(Assert.java:115)
	at org.testng.Assert.assertEquals(Assert.java:304)
	at PikabuTest.searchTest(PikabuTest.java:115)
	at sun.reflect.NativeMethodAccessorImpl.invoke0(Native Method)
	at sun.reflect.NativeMethodAccessorImpl.invoke(NativeMethodAccessorImpl.java:62)
	at sun.reflect.DelegatingMethodAccessorImpl.invoke(DelegatingMethodAccessorImpl.java:43)
	at java.lang.reflect.Method.invoke(Method.java:498)
	at org.testng.internal.MethodInvocationHelper.invokeMethod(MethodInvocationHelper.java:108)
	at org.testng.internal.Invoker.invokeMethod(Invoker.java:661)
	at org.testng.internal.Invoker.invokeTestMethod(Invoker.java:869)
	at org.testng.internal.Invoker.invokeTestMethods(Invoker.java:1193)
	at org.testng.internal.TestMethodWorker.invokeTestMethods(TestMethodWorker.java:126)
	at org.testng.internal.TestMethodWorker.run(TestMethodWorker.java:109)
	at org.testng.TestRunner.privateRun(TestRunner.java:744)
	at org.testng.TestRunner.run(TestRunner.java:602)
	at org.testng.SuiteRunner.runTest(SuiteRunner.java:380)
	at org.testng.SuiteRunner.access$000(SuiteRunner.java:39)
	at org.testng.SuiteRunner$SuiteWorker.run(SuiteRunner.java:414)
	at org.testng.internal.thread.ThreadUtil$1.call(ThreadUtil.java:52)
	at java.util.concurrent.FutureTask.run(FutureTask.java:266)
	at java.util.concurrent.ThreadPoolExecutor.runWorker(ThreadPoolExecutor.java:1142)
	at java.util.concurrent.ThreadPoolExecutor$Worker.run(ThreadPoolExecutor.java:617)
	at java.lang.Thread.run(Thread.java:745)
]]>
            </full-stacktrace>
          </exception> <!-- java.lang.AssertionError -->
          <reporter-output>
            <line>
              <![CDATA[11:58:51 [TestNG-tests-2] INFO  - Main page is open.
<br>]]>
            </line>
            <line>
              <![CDATA[11:58:51 [TestNG-tests-2] INFO  - The value 'Ð”Ð¢ÐŸ'is entered in the search field
<br>]]>
            </line>
            <line>
              <![CDATA[11:58:54 [TestNG-tests-2] INFO  - Search button clicked.
<br>]]>
            </line>
            <line>
              <![CDATA[11:58:54 [TestNG-tests-2] INFO  - Page with search results is open.
<br>]]>
            </line>
            <line>
              <![CDATA[11:58:54 [TestNG-tests-2] WARN  - Post with title '??????? ??????' is not contains hashtag
<br>]]>
            </line>
            <line>
              <![CDATA[11:58:54 [TestNG-tests-2] WARN  - Post with title '???-500 ?????? ??????? ????? ???? ??????' is not contains hashtag
<br>]]>
            </line>
            <line>
              <![CDATA[11:58:54 [TestNG-tests-2] WARN  - Post with title '??? ????? ???? - ??????????? ??????? ? ?????? ??????????? ?????????, ??????? ??? ???? - ? ????????? ????? ??????? ?????????? ?????:' is not contains hashtag
<br>]]>
            </line>
            <line>
              <![CDATA[11:58:54 [TestNG-tests-2] INFO  - com.epam.reportportal.message.ReportPortalMessage@741ffb76
<br>]]>
            </line>
          </reporter-output>
        </test-method> <!-- searchTest -->
        <test-method status="PASS" signature="afterMethod()[pri:0, instance:PikabuTest@5ab25441]" name="afterMethod" is-config="true" duration-ms="1926" started-at="2017-04-20T11:58:55Z" finished-at="2017-04-20T11:58:57Z">
          <reporter-output>
            <line>
              <![CDATA[11:58:55 [TestNG-tests-2] DEBUG - Clearing cache!
<br>]]>
            </line>
          </reporter-output>
        </test-method> <!-- afterMethod -->
        <test-method status="PASS" signature="beforeMethod()[pri:0, instance:PikabuTest@5ab25441]" name="beforeMethod" is-config="true" duration-ms="2713" started-at="2017-04-20T11:58:57Z" finished-at="2017-04-20T11:58:59Z">
          <reporter-output>
            <line>
              <![CDATA[11:58:59 [TestNG-tests-2] DEBUG - ###############################
<br>]]>
            </line>
          </reporter-output>
        </test-method> <!-- beforeMethod -->
        <test-method status="PASS" signature="verifyRecentPostsPage()[pri:0, instance:PikabuTest@5ab25441]" name="verifyRecentPostsPage" duration-ms="5881" started-at="2017-04-20T11:58:59Z" description="Verify page with recent posts" finished-at="2017-04-20T11:59:05Z">
          <reporter-output>
            <line>
              <![CDATA[11:59:00 [TestNG-tests-2] INFO  - Main page is open.
<br>]]>
            </line>
            <line>
              <![CDATA[11:59:05 [TestNG-tests-2] INFO  - Recent posts tab clicked.
<br>]]>
            </line>
            <line>
              <![CDATA[11:59:05 [TestNG-tests-2] INFO  - Page with recent posts is open.
<br>]]>
            </line>
          </reporter-output>
        </test-method> <!-- verifyRecentPostsPage -->
        <test-method status="PASS" signature="afterMethod()[pri:0, instance:PikabuTest@5ab25441]" name="afterMethod" is-config="true" duration-ms="2741" started-at="2017-04-20T11:59:05Z" finished-at="2017-04-20T11:59:08Z">
          <reporter-output>
            <line>
              <![CDATA[11:59:05 [TestNG-tests-2] DEBUG - Clearing cache!
<br>]]>
            </line>
          </reporter-output>
        </test-method> <!-- afterMethod -->
        <test-method status="PASS" signature="beforeMethod()[pri:0, instance:PikabuTest@5ab25441]" name="beforeMethod" is-config="true" duration-ms="2566" started-at="2017-04-20T11:59:08Z" finished-at="2017-04-20T11:59:11Z">
          <reporter-output>
            <line>
              <![CDATA[11:59:11 [TestNG-tests-2] DEBUG - ###############################
<br>]]>
            </line>
          </reporter-output>
        </test-method> <!-- beforeMethod -->
        <test-method status="PASS" signature="postRatingUp()[pri:0, instance:PikabuTest@5ab25441]" name="postRatingUp" duration-ms="15444" started-at="2017-04-20T11:59:11Z" description="Test of increased the rating of the post on the page with best posts" finished-at="2017-04-20T11:59:26Z">
          <reporter-output>
            <line>
              <![CDATA[11:59:11 [TestNG-tests-2] INFO  - Main page is open.
<br>]]>
            </line>
            <line>
              <![CDATA[11:59:12 [TestNG-tests-2] INFO  - Login tab clicked.
<br>]]>
            </line>
            <line>
              <![CDATA[11:59:12 [TestNG-tests-2] INFO  - Login page is open.
<br>]]>
            </line>
            <line>
              <![CDATA[11:59:14 [TestNG-tests-2] INFO  - Login with google account button clicked.
<br>]]>
            </line>
            <line>
              <![CDATA[11:59:14 [TestNG-tests-2] INFO  - The value 'muliarchyk.a.a@gmail.com'is entered in the email field
<br>]]>
            </line>
            <line>
              <![CDATA[11:59:14 [TestNG-tests-2] INFO  - Next button clicked.
<br>]]>
            </line>
            <line>
              <![CDATA[11:59:15 [TestNG-tests-2] INFO  - The value 'Typblcm6578090'is entered in the password field
<br>]]>
            </line>
            <line>
              <![CDATA[11:59:23 [TestNG-tests-2] INFO  - Submit button clicked.
<br>]]>
            </line>
            <line>
              <![CDATA[11:59:23 [TestNG-tests-2] INFO  - Profile page is open.
<br>]]>
            </line>
            <line>
              <![CDATA[11:59:26 [TestNG-tests-2] INFO  - Best posts tab clicked.
<br>]]>
            </line>
            <line>
              <![CDATA[11:59:26 [TestNG-tests-2] INFO  - Page with best posts is open.
<br>]]>
            </line>
          </reporter-output>
        </test-method> <!-- postRatingUp -->
        <test-method status="PASS" signature="afterMethod()[pri:0, instance:PikabuTest@5ab25441]" name="afterMethod" is-config="true" duration-ms="2183" started-at="2017-04-20T11:59:26Z" finished-at="2017-04-20T11:59:28Z">
          <reporter-output>
            <line>
              <![CDATA[11:59:26 [TestNG-tests-2] DEBUG - Clearing cache!
<br>]]>
            </line>
          </reporter-output>
        </test-method> <!-- afterMethod -->
        <test-method status="PASS" signature="afterClass()[pri:0, instance:PikabuTest@5ab25441]" name="afterClass" is-config="true" duration-ms="757" started-at="2017-04-20T11:59:28Z" finished-at="2017-04-20T11:59:29Z">
          <reporter-output>
          </reporter-output>
        </test-method> <!-- afterClass -->
        <test-method status="PASS" signature="afterTest()[pri:0, instance:PikabuTest@5ab25441]" name="afterTest" is-config="true" duration-ms="22" started-at="2017-04-20T11:59:29Z" finished-at="2017-04-20T11:59:29Z">
          <reporter-output>
          </reporter-output>
        </test-method> <!-- afterTest -->
      </class> <!-- PikabuTest -->
    </test> <!-- Test_4 -->
  </suite> <!-- Picabu_Test -->
</testng-results>
